{
  "RSpec": {
    "coverage": {
      "/Users/samminns/Documents/RB_Projects/HANG_MAN/tests/game_spec.rb": [
        1,
        1,
        null,
        1,
        1,
        5,
        3,
        12,
        12,
        null,
        1,
        1,
        1,
        1,
        null,
        null,
        1,
        1,
        1,
        1,
        null,
        null,
        1,
        1,
        1,
        1,
        null,
        null,
        null,
        1,
        1,
        1,
        1,
        1,
        null,
        null,
        1,
        1,
        1,
        1,
        null,
        null,
        null,
        1,
        1,
        1,
        1,
        1,
        1,
        null,
        null,
        null,
        1,
        1,
        1,
        1,
        null,
        null,
        null,
        1,
        5,
        null,
        1,
        2,
        null,
        null,
        1,
        1,
        1,
        1,
        1,
        1,
        1,
        null,
        null,
        2,
        null,
        null,
        1,
        1,
        1,
        1,
        1,
        1,
        1,
        null,
        null,
        2,
        null,
        null,
        1,
        1,
        1,
        1,
        1,
        null,
        null,
        2,
        null,
        null,
        null
      ],
      "/Users/samminns/Documents/RB_Projects/HANG_MAN/lib/game.rb": [
        1,
        1,
        1,
        null,
        1,
        null,
        1,
        11,
        11,
        null,
        null,
        1,
        10,
        4,
        null,
        6,
        null,
        null,
        null,
        1,
        2,
        null,
        null,
        1,
        2,
        null,
        null,
        1,
        1,
        null,
        null,
        1,
        1,
        5,
        null,
        null,
        null,
        1,
        5,
        null,
        null,
        1,
        33,
        null,
        null,
        1,
        null,
        1,
        9,
        null,
        null,
        1,
        4,
        2,
        null,
        2,
        null,
        null,
        null
      ],
      "/Users/samminns/Documents/RB_Projects/HANG_MAN/lib/secret.rb": [
        1,
        1,
        null,
        1,
        null,
        1,
        1,
        null,
        null
      ],
      "/Users/samminns/Documents/RB_Projects/HANG_MAN/tests/message_template_spec.rb": [
        1,
        null,
        1,
        8,
        null,
        1,
        1,
        1,
        null,
        null,
        null,
        1,
        1,
        1,
        null,
        null,
        null,
        1,
        1,
        1,
        null,
        null,
        null,
        1,
        1,
        1,
        null,
        null,
        null,
        1,
        1,
        1,
        null,
        null,
        null,
        1,
        1,
        1,
        null,
        null,
        1,
        1,
        null,
        null,
        null
      ],
      "/Users/samminns/Documents/RB_Projects/HANG_MAN/lib/message_template.rb": [
        1,
        1,
        1,
        null,
        null,
        1,
        1,
        null,
        null,
        1,
        1,
        null,
        null,
        1,
        1,
        null,
        null,
        1,
        1,
        null,
        null,
        1,
        1,
        null,
        null,
        1,
        1,
        null,
        null,
        1,
        1,
        null,
        null
      ],
      "/Users/samminns/Documents/RB_Projects/HANG_MAN/tests/secret_spec.rb": [
        1,
        null,
        1,
        2,
        2,
        null,
        1,
        1,
        1,
        null,
        null,
        1,
        1,
        null,
        null,
        null
      ],
      "/Users/samminns/Documents/RB_Projects/HANG_MAN/tests/user_interface_spec.rb": [
        1,
        1,
        null,
        1,
        3,
        8,
        2,
        3,
        9,
        9,
        9,
        null,
        1,
        1,
        1,
        1,
        1,
        null,
        null,
        null,
        1,
        1,
        1,
        1,
        1,
        null,
        null,
        null,
        1,
        1,
        1,
        1,
        1,
        1,
        null,
        null,
        null,
        1,
        1,
        1,
        1,
        1,
        1,
        null,
        null,
        null,
        1,
        1,
        1,
        1,
        1,
        1,
        null,
        null,
        null,
        1,
        1,
        1,
        1,
        1,
        1,
        1,
        1,
        null,
        null,
        1,
        1,
        1,
        1,
        1,
        1,
        1,
        null,
        null,
        null,
        1,
        1,
        1,
        1,
        null,
        null,
        null
      ],
      "/Users/samminns/Documents/RB_Projects/HANG_MAN/lib/user_interface.rb": [
        1,
        1,
        8,
        8,
        null,
        null,
        1,
        1,
        null,
        null,
        1,
        1,
        null,
        null,
        1,
        1,
        null,
        null,
        1,
        1,
        null,
        null,
        1,
        1,
        null,
        null,
        1,
        2,
        null,
        null,
        1,
        1,
        null,
        null,
        1,
        null,
        1,
        6,
        null,
        null
      ]
    },
    "timestamp": 1415656829
  }
}
