{
  "RSpec": {
    "coverage": {
      "/Users/samminns/Documents/RB_Projects/HANG_MAN/tests/game_spec.rb": [
        1,
        1,
        1,
        null,
        1,
        1,
        3,
        3,
        3,
        3,
        3,
        null,
        1,
        1,
        1,
        1,
        14,
        1,
        null,
        null,
        1,
        1,
        1,
        1,
        1,
        null,
        null,
        null
      ],
      "/Users/samminns/Documents/RB_Projects/HANG_MAN/lib/game.rb": [
        1,
        1,
        2,
        2,
        2,
        2,
        null,
        null,
        1,
        14,
        14,
        14,
        null,
        null,
        1,
        2,
        null,
        null,
        1,
        null,
        1,
        1,
        null,
        null
      ],
      "/Users/samminns/Documents/RB_Projects/HANG_MAN/lib/player.rb": [
        1,
        1,
        3,
        3,
        null,
        null,
        1,
        2,
        2,
        null,
        null,
        1,
        1,
        null,
        null,
        1,
        2,
        null,
        null,
        1,
        null,
        1,
        2,
        null,
        null,
        1,
        6,
        null,
        null
      ],
      "/Users/samminns/Documents/RB_Projects/HANG_MAN/lib/secret_word.rb": [
        null,
        null,
        1,
        1,
        null,
        1,
        2,
        null,
        null,
        1,
        0,
        null,
        null,
        1,
        0,
        null,
        null,
        1,
        null,
        1,
        0,
        null,
        null,
        1,
        0,
        0,
        0,
        null,
        null,
        1,
        0,
        null,
        null
      ],
      "/Users/samminns/Documents/RB_Projects/HANG_MAN/tests/player_spec.rb": [
        1,
        null,
        1,
        4,
        null,
        1,
        1,
        1,
        null,
        null,
        null,
        1,
        1,
        1,
        1,
        1,
        null,
        null,
        1,
        1,
        1,
        1,
        null,
        null,
        null
      ],
      "/Users/samminns/Documents/RB_Projects/HANG_MAN/tests/secret_word_spec.rb": [
        1,
        1,
        null,
        1,
        3,
        3,
        2,
        1,
        null,
        1,
        1,
        1,
        null,
        null,
        1,
        1,
        null,
        null,
        null,
        1,
        1,
        1,
        null,
        null,
        1,
        1,
        null,
        null,
        null
      ],
      "/Users/samminns/Documents/RB_Projects/HANG_MAN/lib/result.rb": [
        1,
        1,
        1,
        null,
        1,
        4,
        4,
        4,
        null,
        null,
        1,
        2,
        null,
        null,
        1,
        0,
        null,
        null,
        null,
        1,
        1,
        null,
        1,
        3,
        null,
        null,
        1,
        0,
        null,
        null,
        1,
        14,
        null,
        null,
        null
      ],
      "/Users/samminns/Documents/RB_Projects/HANG_MAN/tests/user_interface_spec.rb": [
        1,
        1,
        null,
        1,
        8,
        8,
        8,
        4,
        2,
        null,
        1,
        1,
        1,
        1,
        1,
        null,
        null,
        null,
        1,
        1,
        1,
        null,
        null,
        1,
        1,
        null,
        null,
        null,
        1,
        1,
        1,
        1,
        1,
        null,
        null,
        null,
        1,
        1,
        1,
        1,
        1,
        null,
        null,
        1,
        1,
        1,
        1,
        1,
        null,
        null,
        1,
        1,
        1,
        1,
        1,
        null,
        null,
        null,
        1,
        1,
        1,
        1,
        1,
        null,
        null,
        null
      ],
      "/Users/samminns/Documents/RB_Projects/HANG_MAN/lib/user_interface.rb": [
        1,
        1,
        7,
        null,
        null,
        1,
        1,
        null,
        null,
        1,
        1,
        null,
        null,
        1,
        0,
        null,
        null,
        1,
        0,
        null,
        null,
        1,
        1,
        null,
        null,
        1,
        1,
        null,
        null
      ],
      "/Users/samminns/Documents/RB_Projects/HANG_MAN/lib/message_template.rb": [
        1,
        1,
        1,
        1,
        1,
        1,
        null,
        1,
        0,
        null,
        null,
        1,
        0,
        null,
        null,
        1,
        0,
        null,
        null,
        1,
        0,
        null,
        null,
        1,
        0,
        null,
        null
      ]
    },
    "timestamp": 1415320101
  }
}
